Performing C SOURCE FILE Test CMAKE_HAVE_LIBC_PTHREAD failed with the following output:
Change Dir: /home/wojiaojd/CLionProjects/chatServer/cmake-build-debug/CMakeFiles/CMakeTmp

Run Build Command(s):/usr/bin/make cmTC_165b6/fast && make[1]: Entering directory '/home/wojiaojd/CLionProjects/chatServer/cmake-build-debug/CMakeFiles/CMakeTmp'
/usr/bin/make -f CMakeFiles/cmTC_165b6.dir/build.make CMakeFiles/cmTC_165b6.dir/build
make[2]: Entering directory '/home/wojiaojd/CLionProjects/chatServer/cmake-build-debug/CMakeFiles/CMakeTmp'
Building C object CMakeFiles/cmTC_165b6.dir/src.c.o
/usr/bin/cc   -DCMAKE_HAVE_LIBC_PTHREAD   -std=gnu99 -o CMakeFiles/cmTC_165b6.dir/src.c.o   -c /home/wojiaojd/CLionProjects/chatServer/cmake-build-debug/CMakeFiles/CMakeTmp/src.c
Linking C executable cmTC_165b6
/home/wojiaojd/下载/clion-2020.1.1/bin/cmake/linux/bin/cmake -E cmake_link_script CMakeFiles/cmTC_165b6.dir/link.txt --verbose=1
/usr/bin/cc  -DCMAKE_HAVE_LIBC_PTHREAD    CMakeFiles/cmTC_165b6.dir/src.c.o  -o cmTC_165b6 
CMakeFiles/cmTC_165b6.dir/src.c.o：在函数‘main’中：
src.c:(.text+0x3c)：对‘pthread_create’未定义的引用
src.c:(.text+0x48)：对‘pthread_detach’未定义的引用
src.c:(.text+0x59)：对‘pthread_join’未定义的引用
src.c:(.text+0x6d)：对‘pthread_atfork’未定义的引用
collect2: error: ld returned 1 exit status
CMakeFiles/cmTC_165b6.dir/build.make:86: recipe for target 'cmTC_165b6' failed
make[2]: *** [cmTC_165b6] Error 1
make[2]: Leaving directory '/home/wojiaojd/CLionProjects/chatServer/cmake-build-debug/CMakeFiles/CMakeTmp'
Makefile:121: recipe for target 'cmTC_165b6/fast' failed
make[1]: *** [cmTC_165b6/fast] Error 2
make[1]: Leaving directory '/home/wojiaojd/CLionProjects/chatServer/cmake-build-debug/CMakeFiles/CMakeTmp'


Source file was:
#include <pthread.h>

void* test_func(void* data)
{
  return data;
}

int main(void)
{
  pthread_t thread;
  pthread_create(&thread, NULL, test_func, NULL);
  pthread_detach(thread);
  pthread_join(thread, NULL);
  pthread_atfork(NULL, NULL, NULL);
  pthread_exit(NULL);

  return 0;
}

Determining if the function pthread_create exists in the pthreads failed with the following output:
Change Dir: /home/wojiaojd/CLionProjects/chatServer/cmake-build-debug/CMakeFiles/CMakeTmp

Run Build Command(s):/usr/bin/make cmTC_6ec46/fast && make[1]: Entering directory '/home/wojiaojd/CLionProjects/chatServer/cmake-build-debug/CMakeFiles/CMakeTmp'
/usr/bin/make -f CMakeFiles/cmTC_6ec46.dir/build.make CMakeFiles/cmTC_6ec46.dir/build
make[2]: Entering directory '/home/wojiaojd/CLionProjects/chatServer/cmake-build-debug/CMakeFiles/CMakeTmp'
Building C object CMakeFiles/cmTC_6ec46.dir/CheckFunctionExists.c.o
/usr/bin/cc   -DCHECK_FUNCTION_EXISTS=pthread_create   -std=gnu99 -o CMakeFiles/cmTC_6ec46.dir/CheckFunctionExists.c.o   -c /home/wojiaojd/下载/clion-2020.1.1/bin/cmake/linux/share/cmake-3.16/Modules/CheckFunctionExists.c
Linking C executable cmTC_6ec46
/home/wojiaojd/下载/clion-2020.1.1/bin/cmake/linux/bin/cmake -E cmake_link_script CMakeFiles/cmTC_6ec46.dir/link.txt --verbose=1
/usr/bin/cc  -DCHECK_FUNCTION_EXISTS=pthread_create    CMakeFiles/cmTC_6ec46.dir/CheckFunctionExists.c.o  -o cmTC_6ec46  -lpthreads 
/usr/bin/ld: 找不到 -lpthreads
collect2: error: ld returned 1 exit status
CMakeFiles/cmTC_6ec46.dir/build.make:86: recipe for target 'cmTC_6ec46' failed
make[2]: *** [cmTC_6ec46] Error 1
make[2]: Leaving directory '/home/wojiaojd/CLionProjects/chatServer/cmake-build-debug/CMakeFiles/CMakeTmp'
Makefile:121: recipe for target 'cmTC_6ec46/fast' failed
make[1]: *** [cmTC_6ec46/fast] Error 2
make[1]: Leaving directory '/home/wojiaojd/CLionProjects/chatServer/cmake-build-debug/CMakeFiles/CMakeTmp'



